2026-01-21T00:56:39.818+05:30  INFO 61882 --- [analytics-dashboard-backend] [http-nio-8080-exec-1] c.a.d.controller.AnalyticsController     : GET /api/analytics/transactions/by-payment-method - Request received. Date range: 2025-12-21 to 2026-01-20
2026-01-21T00:56:39.818+05:30  INFO 61882 --- [analytics-dashboard-backend] [http-nio-8080-exec-2] c.a.d.controller.AnalyticsController     : GET /api/analytics/transactions/by-date - Request received. Date range: 2025-12-21 to 2026-01-20
2026-01-21T00:56:39.818+05:30  INFO 61882 --- [analytics-dashboard-backend] [http-nio-8080-exec-9] c.a.d.controller.AnalyticsController     : GET /api/analytics/transactions/by-hour - Request received. Date range: 2025-12-21 to 2026-01-20
2026-01-21T00:56:40.127+05:30 DEBUG 61882 --- [analytics-dashboard-backend] [http-nio-8080-exec-1] c.a.dashboard.service.AnalyticsService   : Fetching transactions by payment method: 2025-12-21 to 2026-01-20
2026-01-21T00:56:40.127+05:30 DEBUG 61882 --- [analytics-dashboard-backend] [http-nio-8080-exec-9] c.a.dashboard.service.AnalyticsService   : Fetching hourly transaction stats: 2025-12-21 to 2026-01-20
2026-01-21T00:56:40.127+05:30 DEBUG 61882 --- [analytics-dashboard-backend] [http-nio-8080-exec-2] c.a.dashboard.service.AnalyticsService   : Fetching transactions by date range: 2025-12-21 to 2026-01-20
2026-01-21T00:56:41.637+05:30  INFO 61882 --- [analytics-dashboard-backend] [http-nio-8080-exec-9] c.a.d.controller.AnalyticsController     : GET /api/analytics/transactions/by-hour - Query executed in 1801ms. Returned 24 hours of transaction data
2026-01-21T00:56:41.648+05:30  INFO 61882 --- [analytics-dashboard-backend] [http-nio-8080-exec-2] c.a.d.controller.AnalyticsController     : GET /api/analytics/transactions/by-date - Query executed in 1812ms. Returned 30 days of transaction data
2026-01-21T00:56:41.679+05:30  INFO 61882 --- [analytics-dashboard-backend] [http-nio-8080-exec-1] c.a.d.controller.AnalyticsController     : GET /api/analytics/transactions/by-payment-method - Query executed in 1843ms. Returned 3 payment methods
2026-01-21T00:56:53.277+05:30  INFO 61882 --- [analytics-dashboard-backend] [http-nio-8080-exec-10] c.a.d.controller.AnalyticsController     : GET /api/analytics/revenue/over-time - Request received. Date range: 2025-12-21 to 2026-01-20
2026-01-21T00:56:53.277+05:30  INFO 61882 --- [analytics-dashboard-backend] [http-nio-8080-exec-5] c.a.d.controller.AnalyticsController     : GET /api/analytics/transactions/by-payment-method - Request received. Date range: 2025-12-21 to 2026-01-20
2026-01-21T00:56:53.280+05:30  INFO 61882 --- [analytics-dashboard-backend] [http-nio-8080-exec-8] c.a.d.controller.AnalyticsController     : GET /api/analytics/transactions/by-status - Request received. Date range: 2025-12-21 to 2026-01-20
2026-01-21T00:56:53.288+05:30 DEBUG 61882 --- [analytics-dashboard-backend] [http-nio-8080-exec-10] c.a.dashboard.service.AnalyticsService   : Fetching revenue over time: 2025-12-21 to 2026-01-20
2026-01-21T00:56:53.288+05:30 DEBUG 61882 --- [analytics-dashboard-backend] [http-nio-8080-exec-5] c.a.dashboard.service.AnalyticsService   : Fetching transactions by payment method: 2025-12-21 to 2026-01-20
2026-01-21T00:56:53.296+05:30 DEBUG 61882 --- [analytics-dashboard-backend] [http-nio-8080-exec-8] c.a.dashboard.service.AnalyticsService   : Fetching transactions by status: 2025-12-21 to 2026-01-20
2026-01-21T00:56:53.350+05:30  INFO 61882 --- [analytics-dashboard-backend] [http-nio-8080-exec-5] c.a.d.controller.AnalyticsController     : GET /api/analytics/transactions/by-payment-method - Query executed in 64ms. Returned 3 payment methods
2026-01-21T00:56:53.350+05:30  INFO 61882 --- [analytics-dashboard-backend] [http-nio-8080-exec-10] c.a.d.controller.AnalyticsController     : GET /api/analytics/revenue/over-time - Query executed in 64ms. Returned 30 days of revenue data
2026-01-21T00:56:53.448+05:30  INFO 61882 --- [analytics-dashboard-backend] [http-nio-8080-exec-8] c.a.d.controller.AnalyticsController     : GET /api/analytics/transactions/by-status - Query executed in 159ms. Returned 3 status categories
2026-01-21T00:57:13.238+05:30  INFO 61882 --- [analytics-dashboard-backend] [http-nio-8080-exec-4] c.a.d.controller.AnalyticsController     : GET /api/analytics/kpis/comparison - Request received. Period: 7 days
2026-01-21T00:57:13.238+05:30  INFO 61882 --- [analytics-dashboard-backend] [http-nio-8080-exec-2] c.a.d.controller.AnalyticsController     : GET /api/analytics/transactions/by-status - Request received. Date range: 2026-01-13 to 2026-01-20
2026-01-21T00:57:13.239+05:30  INFO 61882 --- [analytics-dashboard-backend] [http-nio-8080-exec-6] c.a.d.controller.AnalyticsController     : GET /api/analytics/transactions/by-date - Request received. Date range: 2026-01-13 to 2026-01-20
2026-01-21T00:57:13.239+05:30  INFO 61882 --- [analytics-dashboard-backend] [http-nio-8080-exec-7] c.a.d.controller.AnalyticsController     : GET /api/analytics/revenue/over-time - Request received. Date range: 2026-01-13 to 2026-01-20
2026-01-21T00:57:13.239+05:30  INFO 61882 --- [analytics-dashboard-backend] [http-nio-8080-exec-3] c.a.d.controller.AnalyticsController     : GET /api/analytics/transactions/by-payment-method - Request received. Date range: 2026-01-13 to 2026-01-20
2026-01-21T00:57:13.243+05:30 DEBUG 61882 --- [analytics-dashboard-backend] [http-nio-8080-exec-2] c.a.dashboard.service.AnalyticsService   : Fetching transactions by status: 2026-01-13 to 2026-01-20
2026-01-21T00:57:13.243+05:30 DEBUG 61882 --- [analytics-dashboard-backend] [http-nio-8080-exec-7] c.a.dashboard.service.AnalyticsService   : Fetching revenue over time: 2026-01-13 to 2026-01-20
2026-01-21T00:57:13.243+05:30 DEBUG 61882 --- [analytics-dashboard-backend] [http-nio-8080-exec-3] c.a.dashboard.service.AnalyticsService   : Fetching transactions by payment method: 2026-01-13 to 2026-01-20
2026-01-21T00:57:13.243+05:30 DEBUG 61882 --- [analytics-dashboard-backend] [http-nio-8080-exec-6] c.a.dashboard.service.AnalyticsService   : Fetching transactions by date range: 2026-01-13 to 2026-01-20
2026-01-21T00:57:13.244+05:30 DEBUG 61882 --- [analytics-dashboard-backend] [http-nio-8080-exec-4] c.a.dashboard.service.AnalyticsService   : Fetching KPI metrics with 7 day comparison (OPTIMIZED)
2026-01-21T00:57:13.305+05:30  INFO 61882 --- [analytics-dashboard-backend] [http-nio-8080-exec-3] c.a.d.controller.AnalyticsController     : GET /api/analytics/transactions/by-payment-method - Query executed in 64ms. Returned 3 payment methods
2026-01-21T00:57:13.305+05:30  INFO 61882 --- [analytics-dashboard-backend] [http-nio-8080-exec-2] c.a.d.controller.AnalyticsController     : GET /api/analytics/transactions/by-status - Query executed in 65ms. Returned 3 status categories
2026-01-21T00:57:13.320+05:30  INFO 61882 --- [analytics-dashboard-backend] [http-nio-8080-exec-6] c.a.d.controller.AnalyticsController     : GET /api/analytics/transactions/by-date - Query executed in 79ms. Returned 7 days of transaction data
2026-01-21T00:57:13.320+05:30  INFO 61882 --- [analytics-dashboard-backend] [http-nio-8080-exec-7] c.a.d.controller.AnalyticsController     : GET /api/analytics/revenue/over-time - Query executed in 79ms. Returned 7 days of revenue data
2026-01-21T00:57:13.328+05:30  INFO 61882 --- [analytics-dashboard-backend] [http-nio-8080-exec-9] c.a.d.controller.AnalyticsController     : GET /api/analytics/transactions/by-date - Request received. Date range: 2026-01-13 to 2026-01-20
2026-01-21T00:57:13.328+05:30 DEBUG 61882 --- [analytics-dashboard-backend] [http-nio-8080-exec-9] c.a.dashboard.service.AnalyticsService   : Fetching transactions by date range: 2026-01-13 to 2026-01-20
2026-01-21T00:57:13.337+05:30  INFO 61882 --- [analytics-dashboard-backend] [http-nio-8080-exec-9] c.a.d.controller.AnalyticsController     : GET /api/analytics/transactions/by-date - Query executed in 9ms. Returned 7 days of transaction data
2026-01-21T00:57:13.436+05:30  INFO 61882 --- [analytics-dashboard-backend] [http-nio-8080-exec-4] c.a.d.controller.AnalyticsController     : GET /api/analytics/kpis/comparison - Query executed successfully in 196ms
2026-01-21T00:57:13.443+05:30  INFO 61882 --- [analytics-dashboard-backend] [http-nio-8080-exec-1] c.a.d.controller.AnalyticsController     : GET /api/analytics/kpis/comparison - Request received. Period: 7 days
2026-01-21T00:57:13.443+05:30 DEBUG 61882 --- [analytics-dashboard-backend] [http-nio-8080-exec-1] c.a.dashboard.service.AnalyticsService   : Fetching KPI metrics with 7 day comparison (OPTIMIZED)
2026-01-21T00:57:13.459+05:30  INFO 61882 --- [analytics-dashboard-backend] [http-nio-8080-exec-1] c.a.d.controller.AnalyticsController     : GET /api/analytics/kpis/comparison - Query executed successfully in 16ms
2026-01-21T00:57:19.176+05:30  INFO 61882 --- [analytics-dashboard-backend] [http-nio-8080-exec-10] c.a.d.controller.AnalyticsController     : GET /api/analytics/kpis/comparison - Request received. Period: 30 days
2026-01-21T00:57:19.178+05:30  INFO 61882 --- [analytics-dashboard-backend] [http-nio-8080-exec-5] c.a.d.controller.AnalyticsController     : GET /api/analytics/transactions/by-date - Request received. Date range: 2025-12-21 to 2026-01-20
2026-01-21T00:57:19.179+05:30  INFO 61882 --- [analytics-dashboard-backend] [http-nio-8080-exec-8] c.a.d.controller.AnalyticsController     : GET /api/analytics/revenue/over-time - Request received. Date range: 2025-12-21 to 2026-01-20
2026-01-21T00:57:19.179+05:30 DEBUG 61882 --- [analytics-dashboard-backend] [http-nio-8080-exec-10] c.a.dashboard.service.AnalyticsService   : Fetching KPI metrics with 30 day comparison (OPTIMIZED)
2026-01-21T00:57:19.179+05:30 DEBUG 61882 --- [analytics-dashboard-backend] [http-nio-8080-exec-5] c.a.dashboard.service.AnalyticsService   : Fetching transactions by date range: 2025-12-21 to 2026-01-20
2026-01-21T00:57:19.179+05:30  INFO 61882 --- [analytics-dashboard-backend] [http-nio-8080-exec-3] c.a.d.controller.AnalyticsController     : GET /api/analytics/transactions/by-payment-method - Request received. Date range: 2025-12-21 to 2026-01-20
2026-01-21T00:57:19.179+05:30  INFO 61882 --- [analytics-dashboard-backend] [http-nio-8080-exec-2] c.a.d.controller.AnalyticsController     : GET /api/analytics/transactions/by-status - Request received. Date range: 2025-12-21 to 2026-01-20
2026-01-21T00:57:19.179+05:30 DEBUG 61882 --- [analytics-dashboard-backend] [http-nio-8080-exec-8] c.a.dashboard.service.AnalyticsService   : Fetching revenue over time: 2025-12-21 to 2026-01-20
2026-01-21T00:57:19.180+05:30 DEBUG 61882 --- [analytics-dashboard-backend] [http-nio-8080-exec-3] c.a.dashboard.service.AnalyticsService   : Fetching transactions by payment method: 2025-12-21 to 2026-01-20
2026-01-21T00:57:19.180+05:30 DEBUG 61882 --- [analytics-dashboard-backend] [http-nio-8080-exec-2] c.a.dashboard.service.AnalyticsService   : Fetching transactions by status: 2025-12-21 to 2026-01-20
2026-01-21T00:57:19.240+05:30  INFO 61882 --- [analytics-dashboard-backend] [http-nio-8080-exec-2] c.a.d.controller.AnalyticsController     : GET /api/analytics/transactions/by-status - Query executed in 61ms. Returned 3 status categories
2026-01-21T00:57:19.241+05:30  INFO 61882 --- [analytics-dashboard-backend] [http-nio-8080-exec-8] c.a.d.controller.AnalyticsController     : GET /api/analytics/revenue/over-time - Query executed in 62ms. Returned 30 days of revenue data
2026-01-21T00:57:19.243+05:30  INFO 61882 --- [analytics-dashboard-backend] [http-nio-8080-exec-5] c.a.d.controller.AnalyticsController     : GET /api/analytics/transactions/by-date - Query executed in 65ms. Returned 30 days of transaction data
2026-01-21T00:57:19.250+05:30  INFO 61882 --- [analytics-dashboard-backend] [http-nio-8080-exec-3] c.a.d.controller.AnalyticsController     : GET /api/analytics/transactions/by-payment-method - Query executed in 71ms. Returned 3 payment methods
2026-01-21T00:57:19.345+05:30  INFO 61882 --- [analytics-dashboard-backend] [http-nio-8080-exec-10] c.a.d.controller.AnalyticsController     : GET /api/analytics/kpis/comparison - Query executed successfully in 168ms
2026-01-21T00:57:20.088+05:30  INFO 61882 --- [analytics-dashboard-backend] [http-nio-8080-exec-6] c.a.d.controller.AnalyticsController     : GET /api/analytics/kpis/comparison - Request received. Period: 45 days
2026-01-21T00:57:20.089+05:30  INFO 61882 --- [analytics-dashboard-backend] [http-nio-8080-exec-7] c.a.d.controller.AnalyticsController     : GET /api/analytics/transactions/by-date - Request received. Date range: 2025-12-06 to 2026-01-20
2026-01-21T00:57:20.094+05:30 DEBUG 61882 --- [analytics-dashboard-backend] [http-nio-8080-exec-6] c.a.dashboard.service.AnalyticsService   : Fetching KPI metrics with 45 day comparison (OPTIMIZED)
2026-01-21T00:57:20.094+05:30 DEBUG 61882 --- [analytics-dashboard-backend] [http-nio-8080-exec-7] c.a.dashboard.service.AnalyticsService   : Fetching transactions by date range: 2025-12-06 to 2026-01-20
2026-01-21T00:57:20.110+05:30  INFO 61882 --- [analytics-dashboard-backend] [http-nio-8080-exec-4] c.a.d.controller.AnalyticsController     : GET /api/analytics/transactions/by-status - Request received. Date range: 2025-12-06 to 2026-01-20
2026-01-21T00:57:20.110+05:30  INFO 61882 --- [analytics-dashboard-backend] [http-nio-8080-exec-9] c.a.d.controller.AnalyticsController     : GET /api/analytics/revenue/over-time - Request received. Date range: 2025-12-06 to 2026-01-20
2026-01-21T00:57:20.110+05:30  INFO 61882 --- [analytics-dashboard-backend] [http-nio-8080-exec-1] c.a.d.controller.AnalyticsController     : GET /api/analytics/transactions/by-payment-method - Request received. Date range: 2025-12-06 to 2026-01-20
2026-01-21T00:57:20.111+05:30 DEBUG 61882 --- [analytics-dashboard-backend] [http-nio-8080-exec-9] c.a.dashboard.service.AnalyticsService   : Fetching revenue over time: 2025-12-06 to 2026-01-20
2026-01-21T00:57:20.111+05:30 DEBUG 61882 --- [analytics-dashboard-backend] [http-nio-8080-exec-4] c.a.dashboard.service.AnalyticsService   : Fetching transactions by status: 2025-12-06 to 2026-01-20
2026-01-21T00:57:20.111+05:30 DEBUG 61882 --- [analytics-dashboard-backend] [http-nio-8080-exec-1] c.a.dashboard.service.AnalyticsService   : Fetching transactions by payment method: 2025-12-06 to 2026-01-20
2026-01-21T00:57:20.154+05:30  INFO 61882 --- [analytics-dashboard-backend] [http-nio-8080-exec-4] c.a.d.controller.AnalyticsController     : GET /api/analytics/transactions/by-status - Query executed in 44ms. Returned 3 status categories
2026-01-21T00:57:20.164+05:30  INFO 61882 --- [analytics-dashboard-backend] [http-nio-8080-exec-1] c.a.d.controller.AnalyticsController     : GET /api/analytics/transactions/by-payment-method - Query executed in 54ms. Returned 3 payment methods
2026-01-21T00:57:20.175+05:30  INFO 61882 --- [analytics-dashboard-backend] [http-nio-8080-exec-7] c.a.d.controller.AnalyticsController     : GET /api/analytics/transactions/by-date - Query executed in 86ms. Returned 45 days of transaction data
2026-01-21T00:57:20.176+05:30  INFO 61882 --- [analytics-dashboard-backend] [http-nio-8080-exec-9] c.a.d.controller.AnalyticsController     : GET /api/analytics/revenue/over-time - Query executed in 66ms. Returned 45 days of revenue data
2026-01-21T00:57:20.232+05:30  INFO 61882 --- [analytics-dashboard-backend] [http-nio-8080-exec-6] c.a.d.controller.AnalyticsController     : GET /api/analytics/kpis/comparison - Query executed successfully in 143ms
2026-01-21T00:57:20.934+05:30  INFO 61882 --- [analytics-dashboard-backend] [http-nio-8080-exec-8] c.a.d.controller.AnalyticsController     : GET /api/analytics/kpis/comparison - Request received. Period: 60 days
2026-01-21T00:57:20.934+05:30  INFO 61882 --- [analytics-dashboard-backend] [http-nio-8080-exec-2] c.a.d.controller.AnalyticsController     : GET /api/analytics/transactions/by-date - Request received. Date range: 2025-11-21 to 2026-01-20
2026-01-21T00:57:20.934+05:30 DEBUG 61882 --- [analytics-dashboard-backend] [http-nio-8080-exec-8] c.a.dashboard.service.AnalyticsService   : Fetching KPI metrics with 60 day comparison (OPTIMIZED)
2026-01-21T00:57:20.935+05:30 DEBUG 61882 --- [analytics-dashboard-backend] [http-nio-8080-exec-2] c.a.dashboard.service.AnalyticsService   : Fetching transactions by date range: 2025-11-21 to 2026-01-20
2026-01-21T00:57:20.954+05:30  INFO 61882 --- [analytics-dashboard-backend] [http-nio-8080-exec-10] c.a.d.controller.AnalyticsController     : GET /api/analytics/transactions/by-status - Request received. Date range: 2025-11-21 to 2026-01-20
2026-01-21T00:57:20.954+05:30  INFO 61882 --- [analytics-dashboard-backend] [http-nio-8080-exec-3] c.a.d.controller.AnalyticsController     : GET /api/analytics/transactions/by-payment-method - Request received. Date range: 2025-11-21 to 2026-01-20
2026-01-21T00:57:20.954+05:30  INFO 61882 --- [analytics-dashboard-backend] [http-nio-8080-exec-5] c.a.d.controller.AnalyticsController     : GET /api/analytics/revenue/over-time - Request received. Date range: 2025-11-21 to 2026-01-20
2026-01-21T00:57:20.955+05:30 DEBUG 61882 --- [analytics-dashboard-backend] [http-nio-8080-exec-3] c.a.dashboard.service.AnalyticsService   : Fetching transactions by payment method: 2025-11-21 to 2026-01-20
2026-01-21T00:57:20.955+05:30 DEBUG 61882 --- [analytics-dashboard-backend] [http-nio-8080-exec-10] c.a.dashboard.service.AnalyticsService   : Fetching transactions by status: 2025-11-21 to 2026-01-20
2026-01-21T00:57:20.955+05:30 DEBUG 61882 --- [analytics-dashboard-backend] [http-nio-8080-exec-5] c.a.dashboard.service.AnalyticsService   : Fetching revenue over time: 2025-11-21 to 2026-01-20
2026-01-21T00:57:21.004+05:30  INFO 61882 --- [analytics-dashboard-backend] [http-nio-8080-exec-5] c.a.d.controller.AnalyticsController     : GET /api/analytics/revenue/over-time - Query executed in 49ms. Returned 60 days of revenue data
2026-01-21T00:57:21.010+05:30  INFO 61882 --- [analytics-dashboard-backend] [http-nio-8080-exec-2] c.a.d.controller.AnalyticsController     : GET /api/analytics/transactions/by-date - Query executed in 76ms. Returned 60 days of transaction data
2026-01-21T00:57:21.125+05:30  INFO 61882 --- [analytics-dashboard-backend] [http-nio-8080-exec-3] c.a.d.controller.AnalyticsController     : GET /api/analytics/transactions/by-payment-method - Query executed in 170ms. Returned 3 payment methods
2026-01-21T00:57:21.125+05:30  INFO 61882 --- [analytics-dashboard-backend] [http-nio-8080-exec-10] c.a.d.controller.AnalyticsController     : GET /api/analytics/transactions/by-status - Query executed in 170ms. Returned 3 status categories
2026-01-21T00:57:21.176+05:30  INFO 61882 --- [analytics-dashboard-backend] [http-nio-8080-exec-8] c.a.d.controller.AnalyticsController     : GET /api/analytics/kpis/comparison - Query executed successfully in 242ms
2026-01-21T00:57:21.880+05:30  INFO 61882 --- [analytics-dashboard-backend] [http-nio-8080-exec-4] c.a.d.controller.AnalyticsController     : GET /api/analytics/kpis/comparison - Request received. Period: 90 days
2026-01-21T00:57:21.881+05:30  INFO 61882 --- [analytics-dashboard-backend] [http-nio-8080-exec-1] c.a.d.controller.AnalyticsController     : GET /api/analytics/transactions/by-date - Request received. Date range: 2025-10-22 to 2026-01-20
2026-01-21T00:57:21.881+05:30 DEBUG 61882 --- [analytics-dashboard-backend] [http-nio-8080-exec-4] c.a.dashboard.service.AnalyticsService   : Fetching KPI metrics with 90 day comparison (OPTIMIZED)
2026-01-21T00:57:21.881+05:30 DEBUG 61882 --- [analytics-dashboard-backend] [http-nio-8080-exec-1] c.a.dashboard.service.AnalyticsService   : Fetching transactions by date range: 2025-10-22 to 2026-01-20
2026-01-21T00:57:21.899+05:30  INFO 61882 --- [analytics-dashboard-backend] [http-nio-8080-exec-9] c.a.d.controller.AnalyticsController     : GET /api/analytics/revenue/over-time - Request received. Date range: 2025-10-22 to 2026-01-20
2026-01-21T00:57:21.899+05:30  INFO 61882 --- [analytics-dashboard-backend] [http-nio-8080-exec-7] c.a.d.controller.AnalyticsController     : GET /api/analytics/transactions/by-payment-method - Request received. Date range: 2025-10-22 to 2026-01-20
2026-01-21T00:57:21.900+05:30  INFO 61882 --- [analytics-dashboard-backend] [http-nio-8080-exec-6] c.a.d.controller.AnalyticsController     : GET /api/analytics/transactions/by-status - Request received. Date range: 2025-10-22 to 2026-01-20
2026-01-21T00:57:21.901+05:30 DEBUG 61882 --- [analytics-dashboard-backend] [http-nio-8080-exec-7] c.a.dashboard.service.AnalyticsService   : Fetching transactions by payment method: 2025-10-22 to 2026-01-20
2026-01-21T00:57:21.901+05:30 DEBUG 61882 --- [analytics-dashboard-backend] [http-nio-8080-exec-9] c.a.dashboard.service.AnalyticsService   : Fetching revenue over time: 2025-10-22 to 2026-01-20
2026-01-21T00:57:21.902+05:30 DEBUG 61882 --- [analytics-dashboard-backend] [http-nio-8080-exec-6] c.a.dashboard.service.AnalyticsService   : Fetching transactions by status: 2025-10-22 to 2026-01-20
2026-01-21T00:57:22.002+05:30  INFO 61882 --- [analytics-dashboard-backend] [http-nio-8080-exec-6] c.a.d.controller.AnalyticsController     : GET /api/analytics/transactions/by-status - Query executed in 102ms. Returned 3 status categories
2026-01-21T00:57:22.004+05:30  INFO 61882 --- [analytics-dashboard-backend] [http-nio-8080-exec-7] c.a.d.controller.AnalyticsController     : GET /api/analytics/transactions/by-payment-method - Query executed in 104ms. Returned 3 payment methods
2026-01-21T00:57:22.010+05:30  INFO 61882 --- [analytics-dashboard-backend] [http-nio-8080-exec-9] c.a.d.controller.AnalyticsController     : GET /api/analytics/revenue/over-time - Query executed in 110ms. Returned 90 days of revenue data
2026-01-21T00:57:22.015+05:30  INFO 61882 --- [analytics-dashboard-backend] [http-nio-8080-exec-1] c.a.d.controller.AnalyticsController     : GET /api/analytics/transactions/by-date - Query executed in 134ms. Returned 90 days of transaction data
2026-01-21T00:57:22.061+05:30  INFO 61882 --- [analytics-dashboard-backend] [http-nio-8080-exec-4] c.a.d.controller.AnalyticsController     : GET /api/analytics/kpis/comparison - Query executed successfully in 181ms
2026-01-21T00:57:22.750+05:30  INFO 61882 --- [analytics-dashboard-backend] [http-nio-8080-exec-5] c.a.d.controller.AnalyticsController     : GET /api/analytics/kpis/comparison - Request received. Period: 0 days
2026-01-21T00:57:22.751+05:30 DEBUG 61882 --- [analytics-dashboard-backend] [http-nio-8080-exec-5] c.a.dashboard.service.AnalyticsService   : Fetching KPI metrics with 0 day comparison (OPTIMIZED)
2026-01-21T00:57:22.751+05:30  INFO 61882 --- [analytics-dashboard-backend] [http-nio-8080-exec-2] c.a.d.controller.AnalyticsController     : GET /api/analytics/transactions/by-date - Request received. Date range: 2025-10-22 to 2026-01-20
2026-01-21T00:57:22.751+05:30 DEBUG 61882 --- [analytics-dashboard-backend] [http-nio-8080-exec-2] c.a.dashboard.service.AnalyticsService   : Fetching transactions by date range: 2025-10-22 to 2026-01-20
2026-01-21T00:57:22.769+05:30  INFO 61882 --- [analytics-dashboard-backend] [http-nio-8080-exec-8] c.a.d.controller.AnalyticsController     : GET /api/analytics/transactions/by-status - Request received. Date range: 2000-01-01 to 2026-01-20
2026-01-21T00:57:22.769+05:30  INFO 61882 --- [analytics-dashboard-backend] [http-nio-8080-exec-3] c.a.d.controller.AnalyticsController     : GET /api/analytics/revenue/over-time - Request received. Date range: 2000-01-01 to 2026-01-20
2026-01-21T00:57:22.769+05:30  INFO 61882 --- [analytics-dashboard-backend] [http-nio-8080-exec-10] c.a.d.controller.AnalyticsController     : GET /api/analytics/transactions/by-payment-method - Request received. Date range: 2000-01-01 to 2026-01-20
2026-01-21T00:57:22.770+05:30 DEBUG 61882 --- [analytics-dashboard-backend] [http-nio-8080-exec-8] c.a.dashboard.service.AnalyticsService   : Fetching transactions by status: 2000-01-01 to 2026-01-20
2026-01-21T00:57:22.770+05:30 DEBUG 61882 --- [analytics-dashboard-backend] [http-nio-8080-exec-3] c.a.dashboard.service.AnalyticsService   : Fetching revenue over time: 2000-01-01 to 2026-01-20
2026-01-21T00:57:22.771+05:30 DEBUG 61882 --- [analytics-dashboard-backend] [http-nio-8080-exec-10] c.a.dashboard.service.AnalyticsService   : Fetching transactions by payment method: 2000-01-01 to 2026-01-20
2026-01-21T00:57:22.942+05:30  INFO 61882 --- [analytics-dashboard-backend] [http-nio-8080-exec-2] c.a.d.controller.AnalyticsController     : GET /api/analytics/transactions/by-date - Query executed in 191ms. Returned 90 days of transaction data
2026-01-21T00:57:22.942+05:30  INFO 61882 --- [analytics-dashboard-backend] [http-nio-8080-exec-10] c.a.d.controller.AnalyticsController     : GET /api/analytics/transactions/by-payment-method - Query executed in 172ms. Returned 3 payment methods
2026-01-21T00:57:22.944+05:30  INFO 61882 --- [analytics-dashboard-backend] [http-nio-8080-exec-8] c.a.d.controller.AnalyticsController     : GET /api/analytics/transactions/by-status - Query executed in 175ms. Returned 3 status categories
2026-01-21T00:57:22.946+05:30  INFO 61882 --- [analytics-dashboard-backend] [http-nio-8080-exec-5] c.a.d.controller.AnalyticsController     : GET /api/analytics/kpis/comparison - Query executed successfully in 196ms
2026-01-21T00:57:23.076+05:30  INFO 61882 --- [analytics-dashboard-backend] [http-nio-8080-exec-3] c.a.d.controller.AnalyticsController     : GET /api/analytics/revenue/over-time - Query executed in 306ms. Returned 366 days of revenue data
2026-01-21T00:57:42.947+05:30  INFO 61882 --- [analytics-dashboard-backend] [http-nio-8080-exec-4] c.a.d.controller.AnalyticsController     : GET /api/analytics/transactions/by-status - Request received. Date range: 2026-01-13 to 2026-01-20
2026-01-21T00:57:42.917+05:30  INFO 61882 --- [analytics-dashboard-backend] [http-nio-8080-exec-6] c.a.d.controller.AnalyticsController     : GET /api/analytics/kpis/comparison - Request received. Period: 7 days
2026-01-21T00:57:42.950+05:30  INFO 61882 --- [analytics-dashboard-backend] [http-nio-8080-exec-9] c.a.d.controller.AnalyticsController     : GET /api/analytics/transactions/by-date - Request received. Date range: 2026-01-13 to 2026-01-20
2026-01-21T00:57:42.950+05:30  INFO 61882 --- [analytics-dashboard-backend] [http-nio-8080-exec-7] c.a.d.controller.AnalyticsController     : GET /api/analytics/revenue/over-time - Request received. Date range: 2026-01-13 to 2026-01-20
2026-01-21T00:57:42.950+05:30  INFO 61882 --- [analytics-dashboard-backend] [http-nio-8080-exec-1] c.a.d.controller.AnalyticsController     : GET /api/analytics/transactions/by-payment-method - Request received. Date range: 2026-01-13 to 2026-01-20
2026-01-21T00:57:43.809+05:30 DEBUG 61882 --- [analytics-dashboard-backend] [http-nio-8080-exec-1] c.a.dashboard.service.AnalyticsService   : Fetching transactions by payment method: 2026-01-13 to 2026-01-20
2026-01-21T00:57:43.809+05:30 DEBUG 61882 --- [analytics-dashboard-backend] [http-nio-8080-exec-7] c.a.dashboard.service.AnalyticsService   : Fetching revenue over time: 2026-01-13 to 2026-01-20
2026-01-21T00:57:43.809+05:30 DEBUG 61882 --- [analytics-dashboard-backend] [http-nio-8080-exec-6] c.a.dashboard.service.AnalyticsService   : Fetching KPI metrics with 7 day comparison (OPTIMIZED)
2026-01-21T00:57:43.810+05:30 DEBUG 61882 --- [analytics-dashboard-backend] [http-nio-8080-exec-9] c.a.dashboard.service.AnalyticsService   : Fetching transactions by date range: 2026-01-13 to 2026-01-20
2026-01-21T00:57:43.809+05:30 DEBUG 61882 --- [analytics-dashboard-backend] [http-nio-8080-exec-4] c.a.dashboard.service.AnalyticsService   : Fetching transactions by status: 2026-01-13 to 2026-01-20
2026-01-21T00:57:44.701+05:30  INFO 61882 --- [analytics-dashboard-backend] [http-nio-8080-exec-4] c.a.d.controller.AnalyticsController     : GET /api/analytics/transactions/by-status - Query executed in 1748ms. Returned 3 status categories
2026-01-21T00:57:44.708+05:30  INFO 61882 --- [analytics-dashboard-backend] [http-nio-8080-exec-7] c.a.d.controller.AnalyticsController     : GET /api/analytics/revenue/over-time - Query executed in 1755ms. Returned 7 days of revenue data
2026-01-21T00:57:44.708+05:30  INFO 61882 --- [analytics-dashboard-backend] [http-nio-8080-exec-9] c.a.d.controller.AnalyticsController     : GET /api/analytics/transactions/by-date - Query executed in 1755ms. Returned 7 days of transaction data
2026-01-21T00:57:44.711+05:30  INFO 61882 --- [analytics-dashboard-backend] [http-nio-8080-exec-1] c.a.d.controller.AnalyticsController     : GET /api/analytics/transactions/by-payment-method - Query executed in 1757ms. Returned 3 payment methods
2026-01-21T00:57:44.744+05:30  INFO 61882 --- [analytics-dashboard-backend] [http-nio-8080-exec-10] c.a.d.controller.AnalyticsController     : GET /api/analytics/transactions/by-date - Request received. Date range: 2026-01-13 to 2026-01-20
2026-01-21T00:57:44.745+05:30 DEBUG 61882 --- [analytics-dashboard-backend] [http-nio-8080-exec-10] c.a.dashboard.service.AnalyticsService   : Fetching transactions by date range: 2026-01-13 to 2026-01-20
2026-01-21T00:57:44.788+05:30  INFO 61882 --- [analytics-dashboard-backend] [http-nio-8080-exec-6] c.a.d.controller.AnalyticsController     : GET /api/analytics/kpis/comparison - Query executed successfully in 1835ms
2026-01-21T00:57:44.796+05:30  INFO 61882 --- [analytics-dashboard-backend] [http-nio-8080-exec-2] c.a.d.controller.AnalyticsController     : GET /api/analytics/kpis/comparison - Request received. Period: 7 days
2026-01-21T00:57:44.797+05:30 DEBUG 61882 --- [analytics-dashboard-backend] [http-nio-8080-exec-2] c.a.dashboard.service.AnalyticsService   : Fetching KPI metrics with 7 day comparison (OPTIMIZED)
2026-01-21T00:57:44.802+05:30  INFO 61882 --- [analytics-dashboard-backend] [http-nio-8080-exec-10] c.a.d.controller.AnalyticsController     : GET /api/analytics/transactions/by-date - Query executed in 57ms. Returned 7 days of transaction data
2026-01-21T00:57:44.827+05:30  INFO 61882 --- [analytics-dashboard-backend] [http-nio-8080-exec-2] c.a.d.controller.AnalyticsController     : GET /api/analytics/kpis/comparison - Query executed successfully in 30ms
2026-01-21T01:15:08.302+05:30  WARN 61882 --- [analytics-dashboard-backend] [HikariPool-10 housekeeper] com.zaxxer.hikari.pool.HikariPool        : HikariPool-10 - Thread starvation or clock leap detected (housekeeper delta=17m45s675ms).
2026-01-21T02:55:02.500+05:30  WARN 61882 --- [analytics-dashboard-backend] [HikariPool-10 housekeeper] com.zaxxer.hikari.pool.HikariPool        : HikariPool-10 - Thread starvation or clock leap detected (housekeeper delta=1h39m54s146ms).
2026-01-21T04:05:12.418+05:30  WARN 61882 --- [analytics-dashboard-backend] [HikariPool-10 housekeeper] com.zaxxer.hikari.pool.HikariPool        : HikariPool-10 - Thread starvation or clock leap detected (housekeeper delta=1h10m9s976ms).
2026-01-21T05:44:01.461+05:30  WARN 61882 --- [analytics-dashboard-backend] [HikariPool-10 housekeeper] com.zaxxer.hikari.pool.HikariPool        : HikariPool-10 - Thread starvation or clock leap detected (housekeeper delta=1h38m48s970ms).
2026-01-21T06:56:27.404+05:30  WARN 61882 --- [analytics-dashboard-backend] [HikariPool-10 housekeeper] com.zaxxer.hikari.pool.HikariPool        : HikariPool-10 - Thread starvation or clock leap detected (housekeeper delta=1h12m26s16ms).
2026-01-21T08:02:13.007+05:30  WARN 61882 --- [analytics-dashboard-backend] [HikariPool-10 housekeeper] com.zaxxer.hikari.pool.HikariPool        : HikariPool-10 - Thread starvation or clock leap detected (housekeeper delta=1h5m45s603ms).
2026-01-21T08:34:55.436+05:30  INFO 61882 --- [analytics-dashboard-backend] [http-nio-8080-exec-5] c.a.d.controller.AnalyticsController     : GET /api/analytics/transactions/by-status - Request received. Date range: 2026-01-14 to 2026-01-21
2026-01-21T08:34:55.419+05:30  INFO 61882 --- [analytics-dashboard-backend] [http-nio-8080-exec-4] c.a.d.controller.AnalyticsController     : GET /api/analytics/kpis/comparison - Request received. Period: 7 days
2026-01-21T08:34:55.445+05:30  INFO 61882 --- [analytics-dashboard-backend] [http-nio-8080-exec-3] c.a.d.controller.AnalyticsController     : GET /api/analytics/transactions/by-date - Request received. Date range: 2026-01-14 to 2026-01-21
2026-01-21T08:34:55.445+05:30  INFO 61882 --- [analytics-dashboard-backend] [http-nio-8080-exec-7] c.a.d.controller.AnalyticsController     : GET /api/analytics/revenue/over-time - Request received. Date range: 2026-01-14 to 2026-01-21
2026-01-21T08:34:55.446+05:30  INFO 61882 --- [analytics-dashboard-backend] [http-nio-8080-exec-8] c.a.d.controller.AnalyticsController     : GET /api/analytics/transactions/by-payment-method - Request received. Date range: 2026-01-14 to 2026-01-21
2026-01-21T08:34:55.497+05:30 DEBUG 61882 --- [analytics-dashboard-backend] [http-nio-8080-exec-8] c.a.dashboard.service.AnalyticsService   : Fetching transactions by payment method: 2026-01-14 to 2026-01-21
2026-01-21T08:34:55.497+05:30 DEBUG 61882 --- [analytics-dashboard-backend] [http-nio-8080-exec-5] c.a.dashboard.service.AnalyticsService   : Fetching transactions by status: 2026-01-14 to 2026-01-21
2026-01-21T08:34:55.497+05:30 DEBUG 61882 --- [analytics-dashboard-backend] [http-nio-8080-exec-7] c.a.dashboard.service.AnalyticsService   : Fetching revenue over time: 2026-01-14 to 2026-01-21
2026-01-21T08:34:55.497+05:30 DEBUG 61882 --- [analytics-dashboard-backend] [http-nio-8080-exec-3] c.a.dashboard.service.AnalyticsService   : Fetching transactions by date range: 2026-01-14 to 2026-01-21
2026-01-21T08:34:55.498+05:30 DEBUG 61882 --- [analytics-dashboard-backend] [http-nio-8080-exec-4] c.a.dashboard.service.AnalyticsService   : Fetching KPI metrics with 7 day comparison (OPTIMIZED)
2026-01-21T08:34:56.689+05:30  INFO 61882 --- [analytics-dashboard-backend] [http-nio-8080-exec-3] c.a.d.controller.AnalyticsController     : GET /api/analytics/transactions/by-date - Query executed in 1244ms. Returned 6 days of transaction data
2026-01-21T08:34:56.690+05:30  INFO 61882 --- [analytics-dashboard-backend] [http-nio-8080-exec-5] c.a.d.controller.AnalyticsController     : GET /api/analytics/transactions/by-status - Query executed in 1251ms. Returned 3 status categories
2026-01-21T08:34:56.690+05:30  INFO 61882 --- [analytics-dashboard-backend] [http-nio-8080-exec-7] c.a.d.controller.AnalyticsController     : GET /api/analytics/revenue/over-time - Query executed in 1245ms. Returned 6 days of revenue data
2026-01-21T08:34:56.710+05:30  INFO 61882 --- [analytics-dashboard-backend] [http-nio-8080-exec-9] c.a.d.controller.AnalyticsController     : GET /api/analytics/transactions/by-date - Request received. Date range: 2026-01-14 to 2026-01-21
2026-01-21T08:34:56.711+05:30 DEBUG 61882 --- [analytics-dashboard-backend] [http-nio-8080-exec-9] c.a.dashboard.service.AnalyticsService   : Fetching transactions by date range: 2026-01-14 to 2026-01-21
2026-01-21T08:34:56.712+05:30  INFO 61882 --- [analytics-dashboard-backend] [http-nio-8080-exec-8] c.a.d.controller.AnalyticsController     : GET /api/analytics/transactions/by-payment-method - Query executed in 1265ms. Returned 3 payment methods
2026-01-21T08:34:56.723+05:30  INFO 61882 --- [analytics-dashboard-backend] [http-nio-8080-exec-9] c.a.d.controller.AnalyticsController     : GET /api/analytics/transactions/by-date - Query executed in 12ms. Returned 6 days of transaction data
2026-01-21T08:34:56.837+05:30  INFO 61882 --- [analytics-dashboard-backend] [http-nio-8080-exec-4] c.a.d.controller.AnalyticsController     : GET /api/analytics/kpis/comparison - Query executed successfully in 1399ms
2026-01-21T08:34:56.843+05:30  INFO 61882 --- [analytics-dashboard-backend] [http-nio-8080-exec-1] c.a.d.controller.AnalyticsController     : GET /api/analytics/kpis/comparison - Request received. Period: 7 days
2026-01-21T08:34:56.843+05:30 DEBUG 61882 --- [analytics-dashboard-backend] [http-nio-8080-exec-1] c.a.dashboard.service.AnalyticsService   : Fetching KPI metrics with 7 day comparison (OPTIMIZED)
2026-01-21T08:34:56.918+05:30  INFO 61882 --- [analytics-dashboard-backend] [http-nio-8080-exec-1] c.a.d.controller.AnalyticsController     : GET /api/analytics/kpis/comparison - Query executed successfully in 75ms
2026-01-21T08:49:26.604+05:30  WARN 61882 --- [analytics-dashboard-backend] [HikariPool-10 housekeeper] com.zaxxer.hikari.pool.HikariPool        : HikariPool-10 - Thread starvation or clock leap detected (housekeeper delta=47m13s598ms).
2026-01-21T09:22:06.763+05:30  WARN 61882 --- [analytics-dashboard-backend] [HikariPool-10 housekeeper] com.zaxxer.hikari.pool.HikariPool        : HikariPool-10 - Thread starvation or clock leap detected (housekeeper delta=32m40s158ms).
2026-01-21T09:58:33.120+05:30  WARN 61882 --- [analytics-dashboard-backend] [HikariPool-10 housekeeper] com.zaxxer.hikari.pool.HikariPool        : HikariPool-10 - Thread starvation or clock leap detected (housekeeper delta=36m26s357ms).
2026-01-21T10:05:51.970+05:30  WARN 61882 --- [analytics-dashboard-backend] [HikariPool-10 housekeeper] com.zaxxer.hikari.pool.HikariPool        : HikariPool-10 - Thread starvation or clock leap detected (housekeeper delta=7m18s849ms).
2026-01-21T10:21:21.044+05:30  INFO 61882 --- [analytics-dashboard-backend] [http-nio-8080-exec-10] c.a.d.controller.AnalyticsController     : GET /api/analytics/transactions/by-status - Request received. Date range: 2025-12-22 to 2026-01-21
2026-01-21T10:21:21.053+05:30  INFO 61882 --- [analytics-dashboard-backend] [http-nio-8080-exec-6] c.a.d.controller.AnalyticsController     : GET /api/analytics/revenue/over-time - Request received. Date range: 2025-12-22 to 2026-01-21
2026-01-21T10:21:21.054+05:30  INFO 61882 --- [analytics-dashboard-backend] [http-nio-8080-exec-2] c.a.d.controller.AnalyticsController     : GET /api/analytics/transactions/by-payment-method - Request received. Date range: 2025-12-22 to 2026-01-21
2026-01-21T10:21:21.307+05:30 DEBUG 61882 --- [analytics-dashboard-backend] [http-nio-8080-exec-10] c.a.dashboard.service.AnalyticsService   : Fetching transactions by status: 2025-12-22 to 2026-01-21
2026-01-21T10:21:21.307+05:30 DEBUG 61882 --- [analytics-dashboard-backend] [http-nio-8080-exec-6] c.a.dashboard.service.AnalyticsService   : Fetching revenue over time: 2025-12-22 to 2026-01-21
2026-01-21T10:21:21.334+05:30 DEBUG 61882 --- [analytics-dashboard-backend] [http-nio-8080-exec-2] c.a.dashboard.service.AnalyticsService   : Fetching transactions by payment method: 2025-12-22 to 2026-01-21
2026-01-21T10:21:22.334+05:30  INFO 61882 --- [analytics-dashboard-backend] [http-nio-8080-exec-10] c.a.d.controller.AnalyticsController     : GET /api/analytics/transactions/by-status - Query executed in 1284ms. Returned 3 status categories
2026-01-21T10:21:22.334+05:30  INFO 61882 --- [analytics-dashboard-backend] [http-nio-8080-exec-6] c.a.d.controller.AnalyticsController     : GET /api/analytics/revenue/over-time - Query executed in 1280ms. Returned 29 days of revenue data
2026-01-21T10:21:22.368+05:30  INFO 61882 --- [analytics-dashboard-backend] [http-nio-8080-exec-2] c.a.d.controller.AnalyticsController     : GET /api/analytics/transactions/by-payment-method - Query executed in 1313ms. Returned 3 payment methods
2026-01-21T10:21:24.203+05:30  INFO 61882 --- [analytics-dashboard-backend] [http-nio-8080-exec-3] c.a.d.controller.AnalyticsController     : GET /api/analytics/transactions/by-date - Request received. Date range: 2025-12-22 to 2026-01-21
2026-01-21T10:21:24.205+05:30  INFO 61882 --- [analytics-dashboard-backend] [http-nio-8080-exec-7] c.a.d.controller.AnalyticsController     : GET /api/analytics/transactions/by-payment-method - Request received. Date range: 2025-12-22 to 2026-01-21
2026-01-21T10:21:24.205+05:30  INFO 61882 --- [analytics-dashboard-backend] [http-nio-8080-exec-5] c.a.d.controller.AnalyticsController     : GET /api/analytics/transactions/by-hour - Request received. Date range: 2025-12-22 to 2026-01-21
2026-01-21T10:21:24.209+05:30 DEBUG 61882 --- [analytics-dashboard-backend] [http-nio-8080-exec-3] c.a.dashboard.service.AnalyticsService   : Fetching transactions by date range: 2025-12-22 to 2026-01-21
2026-01-21T10:21:24.209+05:30 DEBUG 61882 --- [analytics-dashboard-backend] [http-nio-8080-exec-7] c.a.dashboard.service.AnalyticsService   : Fetching transactions by payment method: 2025-12-22 to 2026-01-21
2026-01-21T10:21:24.209+05:30 DEBUG 61882 --- [analytics-dashboard-backend] [http-nio-8080-exec-5] c.a.dashboard.service.AnalyticsService   : Fetching hourly transaction stats: 2025-12-22 to 2026-01-21
2026-01-21T10:21:24.245+05:30  INFO 61882 --- [analytics-dashboard-backend] [http-nio-8080-exec-5] c.a.d.controller.AnalyticsController     : GET /api/analytics/transactions/by-hour - Query executed in 39ms. Returned 24 hours of transaction data
2026-01-21T10:21:24.254+05:30  INFO 61882 --- [analytics-dashboard-backend] [http-nio-8080-exec-3] c.a.d.controller.AnalyticsController     : GET /api/analytics/transactions/by-date - Query executed in 50ms. Returned 29 days of transaction data
2026-01-21T10:21:24.258+05:30  INFO 61882 --- [analytics-dashboard-backend] [http-nio-8080-exec-7] c.a.d.controller.AnalyticsController     : GET /api/analytics/transactions/by-payment-method - Query executed in 52ms. Returned 3 payment methods
2026-01-21T10:21:25.898+05:30  INFO 61882 --- [analytics-dashboard-backend] [http-nio-8080-exec-8] c.a.d.controller.AnalyticsController     : GET /api/analytics/transactions/table - Request received. Page: 0, Size: 20, Filters: email=null, status=null, paymentMethod=null, amount=[null, null], dates=[null, null]
2026-01-21T10:21:25.902+05:30 DEBUG 61882 --- [analytics-dashboard-backend] [http-nio-8080-exec-8] c.a.dashboard.service.AnalyticsService   : Fetching paginated transactions - page: 0, size: 20, filters: email=null, status=null, paymentMethod=null, amount=[null, null], dates=[null, null]
2026-01-21T10:21:26.158+05:30  INFO 61882 --- [analytics-dashboard-backend] [http-nio-8080-exec-8] c.a.d.controller.AnalyticsController     : GET /api/analytics/transactions/table - Query executed successfully in 260ms. Returned 20 transactions (page 0 of 25001, total: 500015)
2026-01-21T10:21:26.185+05:30  INFO 61882 --- [analytics-dashboard-backend] [http-nio-8080-exec-9] c.a.d.controller.AnalyticsController     : GET /api/analytics/transactions/table - Request received. Page: 0, Size: 20, Filters: email=null, status=null, paymentMethod=null, amount=[null, null], dates=[null, null]
2026-01-21T10:21:26.185+05:30 DEBUG 61882 --- [analytics-dashboard-backend] [http-nio-8080-exec-9] c.a.dashboard.service.AnalyticsService   : Fetching paginated transactions - page: 0, size: 20, filters: email=null, status=null, paymentMethod=null, amount=[null, null], dates=[null, null]
2026-01-21T10:21:26.223+05:30  INFO 61882 --- [analytics-dashboard-backend] [http-nio-8080-exec-9] c.a.d.controller.AnalyticsController     : GET /api/analytics/transactions/table - Query executed successfully in 38ms. Returned 20 transactions (page 0 of 25001, total: 500015)
2026-01-21T10:21:27.429+05:30  INFO 61882 --- [analytics-dashboard-backend] [http-nio-8080-exec-4] c.a.d.controller.AnalyticsController     : GET /api/analytics/kpis/comparison - Request received. Period: 7 days
2026-01-21T10:21:27.441+05:30 DEBUG 61882 --- [analytics-dashboard-backend] [http-nio-8080-exec-4] c.a.dashboard.service.AnalyticsService   : Fetching KPI metrics with 7 day comparison (OPTIMIZED)
2026-01-21T10:21:27.449+05:30  INFO 61882 --- [analytics-dashboard-backend] [http-nio-8080-exec-1] c.a.d.controller.AnalyticsController     : GET /api/analytics/transactions/by-date - Request received. Date range: 2026-01-14 to 2026-01-21
2026-01-21T10:21:27.452+05:30  INFO 61882 --- [analytics-dashboard-backend] [http-nio-8080-exec-6] c.a.d.controller.AnalyticsController     : GET /api/analytics/transactions/by-payment-method - Request received. Date range: 2026-01-14 to 2026-01-21
2026-01-21T10:21:27.453+05:30  INFO 61882 --- [analytics-dashboard-backend] [http-nio-8080-exec-10] c.a.d.controller.AnalyticsController     : GET /api/analytics/revenue/over-time - Request received. Date range: 2026-01-14 to 2026-01-21
2026-01-21T10:21:27.453+05:30 DEBUG 61882 --- [analytics-dashboard-backend] [http-nio-8080-exec-1] c.a.dashboard.service.AnalyticsService   : Fetching transactions by date range: 2026-01-14 to 2026-01-21
2026-01-21T10:21:27.454+05:30 DEBUG 61882 --- [analytics-dashboard-backend] [http-nio-8080-exec-6] c.a.dashboard.service.AnalyticsService   : Fetching transactions by payment method: 2026-01-14 to 2026-01-21
2026-01-21T10:21:27.455+05:30  INFO 61882 --- [analytics-dashboard-backend] [http-nio-8080-exec-2] c.a.d.controller.AnalyticsController     : GET /api/analytics/transactions/by-status - Request received. Date range: 2026-01-14 to 2026-01-21
2026-01-21T10:21:27.471+05:30 DEBUG 61882 --- [analytics-dashboard-backend] [http-nio-8080-exec-2] c.a.dashboard.service.AnalyticsService   : Fetching transactions by status: 2026-01-14 to 2026-01-21
2026-01-21T10:21:27.471+05:30 DEBUG 61882 --- [analytics-dashboard-backend] [http-nio-8080-exec-10] c.a.dashboard.service.AnalyticsService   : Fetching revenue over time: 2026-01-14 to 2026-01-21
2026-01-21T10:21:27.499+05:30  INFO 61882 --- [analytics-dashboard-backend] [http-nio-8080-exec-6] c.a.d.controller.AnalyticsController     : GET /api/analytics/transactions/by-payment-method - Query executed in 45ms. Returned 3 payment methods
2026-01-21T10:21:27.500+05:30  INFO 61882 --- [analytics-dashboard-backend] [http-nio-8080-exec-1] c.a.d.controller.AnalyticsController     : GET /api/analytics/transactions/by-date - Query executed in 50ms. Returned 6 days of transaction data
2026-01-21T10:21:27.503+05:30  INFO 61882 --- [analytics-dashboard-backend] [http-nio-8080-exec-5] c.a.d.controller.AnalyticsController     : GET /api/analytics/transactions/by-date - Request received. Date range: 2026-01-14 to 2026-01-21
2026-01-21T10:21:27.503+05:30 DEBUG 61882 --- [analytics-dashboard-backend] [http-nio-8080-exec-5] c.a.dashboard.service.AnalyticsService   : Fetching transactions by date range: 2026-01-14 to 2026-01-21
2026-01-21T10:21:27.505+05:30  INFO 61882 --- [analytics-dashboard-backend] [http-nio-8080-exec-2] c.a.d.controller.AnalyticsController     : GET /api/analytics/transactions/by-status - Query executed in 50ms. Returned 3 status categories
2026-01-21T10:21:27.505+05:30  INFO 61882 --- [analytics-dashboard-backend] [http-nio-8080-exec-10] c.a.d.controller.AnalyticsController     : GET /api/analytics/revenue/over-time - Query executed in 50ms. Returned 6 days of revenue data
2026-01-21T10:21:27.513+05:30  INFO 61882 --- [analytics-dashboard-backend] [http-nio-8080-exec-5] c.a.d.controller.AnalyticsController     : GET /api/analytics/transactions/by-date - Query executed in 10ms. Returned 6 days of transaction data
2026-01-21T10:21:27.519+05:30  INFO 61882 --- [analytics-dashboard-backend] [http-nio-8080-exec-4] c.a.d.controller.AnalyticsController     : GET /api/analytics/kpis/comparison - Query executed successfully in 89ms
2026-01-21T10:21:27.524+05:30  INFO 61882 --- [analytics-dashboard-backend] [http-nio-8080-exec-3] c.a.d.controller.AnalyticsController     : GET /api/analytics/kpis/comparison - Request received. Period: 7 days
2026-01-21T10:21:27.524+05:30 DEBUG 61882 --- [analytics-dashboard-backend] [http-nio-8080-exec-3] c.a.dashboard.service.AnalyticsService   : Fetching KPI metrics with 7 day comparison (OPTIMIZED)
2026-01-21T10:21:27.549+05:30  INFO 61882 --- [analytics-dashboard-backend] [http-nio-8080-exec-3] c.a.d.controller.AnalyticsController     : GET /api/analytics/kpis/comparison - Query executed successfully in 25ms
2026-01-21T10:26:54.535+05:30  INFO 61882 --- [analytics-dashboard-backend] [http-nio-8080-exec-8] c.a.d.controller.AnalyticsController     : GET /api/analytics/transactions/by-status - Request received. Date range: 2026-01-14 to 2026-01-21
2026-01-21T10:26:54.542+05:30  INFO 61882 --- [analytics-dashboard-backend] [http-nio-8080-exec-6] c.a.d.controller.AnalyticsController     : GET /api/analytics/transactions/by-payment-method - Request received. Date range: 2026-01-14 to 2026-01-21
2026-01-21T10:26:54.541+05:30  INFO 61882 --- [analytics-dashboard-backend] [http-nio-8080-exec-7] c.a.d.controller.AnalyticsController     : GET /api/analytics/revenue/over-time - Request received. Date range: 2026-01-14 to 2026-01-21
2026-01-21T10:26:54.532+05:30  INFO 61882 --- [analytics-dashboard-backend] [http-nio-8080-exec-9] c.a.d.controller.AnalyticsController     : GET /api/analytics/kpis/comparison - Request received. Period: 7 days
2026-01-21T10:26:54.541+05:30  INFO 61882 --- [analytics-dashboard-backend] [http-nio-8080-exec-1] c.a.d.controller.AnalyticsController     : GET /api/analytics/transactions/by-date - Request received. Date range: 2026-01-14 to 2026-01-21
2026-01-21T10:26:54.957+05:30 DEBUG 61882 --- [analytics-dashboard-backend] [http-nio-8080-exec-7] c.a.dashboard.service.AnalyticsService   : Fetching revenue over time: 2026-01-14 to 2026-01-21
2026-01-21T10:26:54.957+05:30 DEBUG 61882 --- [analytics-dashboard-backend] [http-nio-8080-exec-1] c.a.dashboard.service.AnalyticsService   : Fetching transactions by date range: 2026-01-14 to 2026-01-21
2026-01-21T10:26:54.957+05:30 DEBUG 61882 --- [analytics-dashboard-backend] [http-nio-8080-exec-6] c.a.dashboard.service.AnalyticsService   : Fetching transactions by payment method: 2026-01-14 to 2026-01-21
2026-01-21T10:26:54.957+05:30 DEBUG 61882 --- [analytics-dashboard-backend] [http-nio-8080-exec-8] c.a.dashboard.service.AnalyticsService   : Fetching transactions by status: 2026-01-14 to 2026-01-21
2026-01-21T10:26:54.967+05:30 DEBUG 61882 --- [analytics-dashboard-backend] [http-nio-8080-exec-9] c.a.dashboard.service.AnalyticsService   : Fetching KPI metrics with 7 day comparison (OPTIMIZED)
2026-01-21T10:26:55.831+05:30  INFO 61882 --- [analytics-dashboard-backend] [http-nio-8080-exec-6] c.a.d.controller.AnalyticsController     : GET /api/analytics/transactions/by-payment-method - Query executed in 1287ms. Returned 3 payment methods
2026-01-21T10:26:55.831+05:30  INFO 61882 --- [analytics-dashboard-backend] [http-nio-8080-exec-8] c.a.d.controller.AnalyticsController     : GET /api/analytics/transactions/by-status - Query executed in 1287ms. Returned 3 status categories
2026-01-21T10:26:55.840+05:30  INFO 61882 --- [analytics-dashboard-backend] [http-nio-8080-exec-7] c.a.d.controller.AnalyticsController     : GET /api/analytics/revenue/over-time - Query executed in 1296ms. Returned 6 days of revenue data
2026-01-21T10:26:55.846+05:30  INFO 61882 --- [analytics-dashboard-backend] [http-nio-8080-exec-1] c.a.d.controller.AnalyticsController     : GET /api/analytics/transactions/by-date - Query executed in 1302ms. Returned 6 days of transaction data
2026-01-21T10:26:55.855+05:30  INFO 61882 --- [analytics-dashboard-backend] [http-nio-8080-exec-2] c.a.d.controller.AnalyticsController     : GET /api/analytics/transactions/by-date - Request received. Date range: 2026-01-14 to 2026-01-21
2026-01-21T10:26:55.855+05:30 DEBUG 61882 --- [analytics-dashboard-backend] [http-nio-8080-exec-2] c.a.dashboard.service.AnalyticsService   : Fetching transactions by date range: 2026-01-14 to 2026-01-21
2026-01-21T10:26:55.900+05:30  INFO 61882 --- [analytics-dashboard-backend] [http-nio-8080-exec-2] c.a.d.controller.AnalyticsController     : GET /api/analytics/transactions/by-date - Query executed in 45ms. Returned 6 days of transaction data
2026-01-21T10:26:56.092+05:30  INFO 61882 --- [analytics-dashboard-backend] [http-nio-8080-exec-9] c.a.d.controller.AnalyticsController     : GET /api/analytics/kpis/comparison - Query executed successfully in 1548ms
2026-01-21T10:26:56.098+05:30  INFO 61882 --- [analytics-dashboard-backend] [http-nio-8080-exec-10] c.a.d.controller.AnalyticsController     : GET /api/analytics/kpis/comparison - Request received. Period: 7 days
2026-01-21T10:26:56.098+05:30 DEBUG 61882 --- [analytics-dashboard-backend] [http-nio-8080-exec-10] c.a.dashboard.service.AnalyticsService   : Fetching KPI metrics with 7 day comparison (OPTIMIZED)
2026-01-21T10:26:56.140+05:30  INFO 61882 --- [analytics-dashboard-backend] [http-nio-8080-exec-10] c.a.d.controller.AnalyticsController     : GET /api/analytics/kpis/comparison - Query executed successfully in 42ms
2026-01-21T10:31:21.548+05:30  WARN 61882 --- [analytics-dashboard-backend] [HikariPool-10 housekeeper] com.zaxxer.hikari.pool.HikariPool        : HikariPool-10 - Thread starvation or clock leap detected (housekeeper delta=4m29s446ms).
2026-01-21T10:33:31.601+05:30  INFO 61882 --- [analytics-dashboard-backend] [http-nio-8080-exec-4] c.a.d.controller.AnalyticsController     : GET /api/analytics/kpis/comparison - Request received. Period: 7 days
2026-01-21T10:33:31.627+05:30  INFO 61882 --- [analytics-dashboard-backend] [http-nio-8080-exec-6] c.a.d.controller.AnalyticsController     : GET /api/analytics/transactions/by-status - Request received. Date range: 2026-01-14 to 2026-01-21
2026-01-21T10:33:31.658+05:30  INFO 61882 --- [analytics-dashboard-backend] [http-nio-8080-exec-5] c.a.d.controller.AnalyticsController     : GET /api/analytics/transactions/by-payment-method - Request received. Date range: 2026-01-14 to 2026-01-21
2026-01-21T10:33:31.658+05:30  INFO 61882 --- [analytics-dashboard-backend] [http-nio-8080-exec-3] c.a.d.controller.AnalyticsController     : GET /api/analytics/transactions/by-date - Request received. Date range: 2026-01-14 to 2026-01-21
2026-01-21T10:33:31.658+05:30  INFO 61882 --- [analytics-dashboard-backend] [http-nio-8080-exec-8] c.a.d.controller.AnalyticsController     : GET /api/analytics/revenue/over-time - Request received. Date range: 2026-01-14 to 2026-01-21
2026-01-21T10:33:32.354+05:30 DEBUG 61882 --- [analytics-dashboard-backend] [http-nio-8080-exec-5] c.a.dashboard.service.AnalyticsService   : Fetching transactions by payment method: 2026-01-14 to 2026-01-21
2026-01-21T10:33:32.356+05:30 DEBUG 61882 --- [analytics-dashboard-backend] [http-nio-8080-exec-3] c.a.dashboard.service.AnalyticsService   : Fetching transactions by date range: 2026-01-14 to 2026-01-21
2026-01-21T10:33:32.356+05:30 DEBUG 61882 --- [analytics-dashboard-backend] [http-nio-8080-exec-6] c.a.dashboard.service.AnalyticsService   : Fetching transactions by status: 2026-01-14 to 2026-01-21
2026-01-21T10:33:32.357+05:30 DEBUG 61882 --- [analytics-dashboard-backend] [http-nio-8080-exec-8] c.a.dashboard.service.AnalyticsService   : Fetching revenue over time: 2026-01-14 to 2026-01-21
2026-01-21T10:33:32.359+05:30 DEBUG 61882 --- [analytics-dashboard-backend] [http-nio-8080-exec-4] c.a.dashboard.service.AnalyticsService   : Fetching KPI metrics with 7 day comparison (OPTIMIZED)
2026-01-21T10:33:33.316+05:30  INFO 61882 --- [analytics-dashboard-backend] [http-nio-8080-exec-5] c.a.d.controller.AnalyticsController     : GET /api/analytics/transactions/by-payment-method - Query executed in 1656ms. Returned 3 payment methods
2026-01-21T10:33:33.316+05:30  INFO 61882 --- [analytics-dashboard-backend] [http-nio-8080-exec-8] c.a.d.controller.AnalyticsController     : GET /api/analytics/revenue/over-time - Query executed in 1656ms. Returned 6 days of revenue data
2026-01-21T10:33:33.327+05:30  INFO 61882 --- [analytics-dashboard-backend] [http-nio-8080-exec-6] c.a.d.controller.AnalyticsController     : GET /api/analytics/transactions/by-status - Query executed in 1693ms. Returned 3 status categories
2026-01-21T10:33:33.327+05:30  INFO 61882 --- [analytics-dashboard-backend] [http-nio-8080-exec-3] c.a.d.controller.AnalyticsController     : GET /api/analytics/transactions/by-date - Query executed in 1667ms. Returned 6 days of transaction data
2026-01-21T10:33:33.339+05:30  INFO 61882 --- [analytics-dashboard-backend] [http-nio-8080-exec-7] c.a.d.controller.AnalyticsController     : GET /api/analytics/transactions/by-date - Request received. Date range: 2026-01-14 to 2026-01-21
2026-01-21T10:33:33.339+05:30 DEBUG 61882 --- [analytics-dashboard-backend] [http-nio-8080-exec-7] c.a.dashboard.service.AnalyticsService   : Fetching transactions by date range: 2026-01-14 to 2026-01-21
2026-01-21T10:33:33.357+05:30  INFO 61882 --- [analytics-dashboard-backend] [http-nio-8080-exec-7] c.a.d.controller.AnalyticsController     : GET /api/analytics/transactions/by-date - Query executed in 18ms. Returned 6 days of transaction data
2026-01-21T10:33:33.710+05:30  INFO 61882 --- [analytics-dashboard-backend] [http-nio-8080-exec-4] c.a.d.controller.AnalyticsController     : GET /api/analytics/kpis/comparison - Query executed successfully in 2076ms
2026-01-21T10:33:33.728+05:30  INFO 61882 --- [analytics-dashboard-backend] [http-nio-8080-exec-1] c.a.d.controller.AnalyticsController     : GET /api/analytics/kpis/comparison - Request received. Period: 7 days
2026-01-21T10:33:33.728+05:30 DEBUG 61882 --- [analytics-dashboard-backend] [http-nio-8080-exec-1] c.a.dashboard.service.AnalyticsService   : Fetching KPI metrics with 7 day comparison (OPTIMIZED)
2026-01-21T10:33:33.892+05:30  INFO 61882 --- [analytics-dashboard-backend] [http-nio-8080-exec-1] c.a.d.controller.AnalyticsController     : GET /api/analytics/kpis/comparison - Query executed successfully in 164ms
2026-01-21T10:34:40.662+05:30  WARN 61882 --- [analytics-dashboard-backend] [HikariPool-10 housekeeper] com.zaxxer.hikari.pool.HikariPool        : HikariPool-10 - Thread starvation or clock leap detected (housekeeper delta=1m18s997ms).
2026-01-21T10:34:41.028+05:30  INFO 61882 --- [analytics-dashboard-backend] [http-nio-8080-exec-2] c.a.d.controller.AnalyticsController     : GET /api/analytics/revenue/over-time - Request received. Date range: 2025-12-22 to 2026-01-21
2026-01-21T10:34:41.028+05:30  INFO 61882 --- [analytics-dashboard-backend] [http-nio-8080-exec-9] c.a.d.controller.AnalyticsController     : GET /api/analytics/transactions/by-payment-method - Request received. Date range: 2025-12-22 to 2026-01-21
2026-01-21T10:34:41.027+05:30  INFO 61882 --- [analytics-dashboard-backend] [http-nio-8080-exec-10] c.a.d.controller.AnalyticsController     : GET /api/analytics/transactions/by-status - Request received. Date range: 2025-12-22 to 2026-01-21
2026-01-21T10:34:41.047+05:30 DEBUG 61882 --- [analytics-dashboard-backend] [http-nio-8080-exec-9] c.a.dashboard.service.AnalyticsService   : Fetching transactions by payment method: 2025-12-22 to 2026-01-21
2026-01-21T10:34:41.055+05:30 DEBUG 61882 --- [analytics-dashboard-backend] [http-nio-8080-exec-2] c.a.dashboard.service.AnalyticsService   : Fetching revenue over time: 2025-12-22 to 2026-01-21
2026-01-21T10:34:41.055+05:30 DEBUG 61882 --- [analytics-dashboard-backend] [http-nio-8080-exec-10] c.a.dashboard.service.AnalyticsService   : Fetching transactions by status: 2025-12-22 to 2026-01-21
2026-01-21T10:34:41.399+05:30  INFO 61882 --- [analytics-dashboard-backend] [http-nio-8080-exec-9] c.a.d.controller.AnalyticsController     : GET /api/analytics/transactions/by-payment-method - Query executed in 370ms. Returned 3 payment methods
2026-01-21T10:34:41.399+05:30  INFO 61882 --- [analytics-dashboard-backend] [http-nio-8080-exec-10] c.a.d.controller.AnalyticsController     : GET /api/analytics/transactions/by-status - Query executed in 370ms. Returned 3 status categories
2026-01-21T10:34:41.402+05:30  INFO 61882 --- [analytics-dashboard-backend] [http-nio-8080-exec-2] c.a.d.controller.AnalyticsController     : GET /api/analytics/revenue/over-time - Query executed in 373ms. Returned 29 days of revenue data
2026-01-21T10:34:51.192+05:30  INFO 61882 --- [analytics-dashboard-backend] [http-nio-8080-exec-5] c.a.d.controller.AnalyticsController     : GET /api/analytics/kpis/comparison - Request received. Period: 7 days
2026-01-21T10:34:51.195+05:30  INFO 61882 --- [analytics-dashboard-backend] [http-nio-8080-exec-6] c.a.d.controller.AnalyticsController     : GET /api/analytics/transactions/by-payment-method - Request received. Date range: 2026-01-14 to 2026-01-21
2026-01-21T10:34:51.195+05:30  INFO 61882 --- [analytics-dashboard-backend] [http-nio-8080-exec-3] c.a.d.controller.AnalyticsController     : GET /api/analytics/transactions/by-date - Request received. Date range: 2026-01-14 to 2026-01-21
2026-01-21T10:34:51.195+05:30  INFO 61882 --- [analytics-dashboard-backend] [http-nio-8080-exec-7] c.a.d.controller.AnalyticsController     : GET /api/analytics/transactions/by-status - Request received. Date range: 2026-01-14 to 2026-01-21
2026-01-21T10:34:51.195+05:30  INFO 61882 --- [analytics-dashboard-backend] [http-nio-8080-exec-8] c.a.d.controller.AnalyticsController     : GET /api/analytics/revenue/over-time - Request received. Date range: 2026-01-14 to 2026-01-21
2026-01-21T10:34:51.198+05:30 DEBUG 61882 --- [analytics-dashboard-backend] [http-nio-8080-exec-7] c.a.dashboard.service.AnalyticsService   : Fetching transactions by status: 2026-01-14 to 2026-01-21
2026-01-21T10:34:51.199+05:30 DEBUG 61882 --- [analytics-dashboard-backend] [http-nio-8080-exec-5] c.a.dashboard.service.AnalyticsService   : Fetching KPI metrics with 7 day comparison (OPTIMIZED)
2026-01-21T10:34:51.198+05:30 DEBUG 61882 --- [analytics-dashboard-backend] [http-nio-8080-exec-3] c.a.dashboard.service.AnalyticsService   : Fetching transactions by date range: 2026-01-14 to 2026-01-21
2026-01-21T10:34:51.198+05:30 DEBUG 61882 --- [analytics-dashboard-backend] [http-nio-8080-exec-6] c.a.dashboard.service.AnalyticsService   : Fetching transactions by payment method: 2026-01-14 to 2026-01-21
2026-01-21T10:34:51.198+05:30 DEBUG 61882 --- [analytics-dashboard-backend] [http-nio-8080-exec-8] c.a.dashboard.service.AnalyticsService   : Fetching revenue over time: 2026-01-14 to 2026-01-21
2026-01-21T10:34:51.271+05:30  INFO 61882 --- [analytics-dashboard-backend] [http-nio-8080-exec-7] c.a.d.controller.AnalyticsController     : GET /api/analytics/transactions/by-status - Query executed in 75ms. Returned 3 status categories
2026-01-21T10:34:51.271+05:30  INFO 61882 --- [analytics-dashboard-backend] [http-nio-8080-exec-8] c.a.d.controller.AnalyticsController     : GET /api/analytics/revenue/over-time - Query executed in 75ms. Returned 6 days of revenue data
2026-01-21T10:34:51.271+05:30  INFO 61882 --- [analytics-dashboard-backend] [http-nio-8080-exec-6] c.a.d.controller.AnalyticsController     : GET /api/analytics/transactions/by-payment-method - Query executed in 76ms. Returned 3 payment methods
2026-01-21T10:34:51.272+05:30  INFO 61882 --- [analytics-dashboard-backend] [http-nio-8080-exec-3] c.a.d.controller.AnalyticsController     : GET /api/analytics/transactions/by-date - Query executed in 77ms. Returned 6 days of transaction data
2026-01-21T10:34:51.288+05:30  INFO 61882 --- [analytics-dashboard-backend] [http-nio-8080-exec-4] c.a.d.controller.AnalyticsController     : GET /api/analytics/transactions/by-date - Request received. Date range: 2026-01-14 to 2026-01-21
2026-01-21T10:34:51.289+05:30 DEBUG 61882 --- [analytics-dashboard-backend] [http-nio-8080-exec-4] c.a.dashboard.service.AnalyticsService   : Fetching transactions by date range: 2026-01-14 to 2026-01-21
2026-01-21T10:34:51.298+05:30  INFO 61882 --- [analytics-dashboard-backend] [http-nio-8080-exec-4] c.a.d.controller.AnalyticsController     : GET /api/analytics/transactions/by-date - Query executed in 9ms. Returned 6 days of transaction data
2026-01-21T10:34:51.302+05:30  INFO 61882 --- [analytics-dashboard-backend] [http-nio-8080-exec-5] c.a.d.controller.AnalyticsController     : GET /api/analytics/kpis/comparison - Query executed successfully in 107ms
2026-01-21T10:34:51.307+05:30  INFO 61882 --- [analytics-dashboard-backend] [http-nio-8080-exec-1] c.a.d.controller.AnalyticsController     : GET /api/analytics/kpis/comparison - Request received. Period: 7 days
2026-01-21T10:34:51.307+05:30 DEBUG 61882 --- [analytics-dashboard-backend] [http-nio-8080-exec-1] c.a.dashboard.service.AnalyticsService   : Fetching KPI metrics with 7 day comparison (OPTIMIZED)
2026-01-21T10:34:51.333+05:30  INFO 61882 --- [analytics-dashboard-backend] [http-nio-8080-exec-1] c.a.d.controller.AnalyticsController     : GET /api/analytics/kpis/comparison - Query executed successfully in 26ms
