2026-01-16T15:17:50.422+05:30  INFO 765 --- [analytics-dashboard-backend] [restartedMain] c.a.d.AnalyticsDashboardApplication      : Starting AnalyticsDashboardApplication using Java 21.0.9 with PID 765 (/Users/dsinghvk235/Analytics-Dashboard/backend/target/classes started by dsinghvk235 in /Users/dsinghvk235/Analytics-Dashboard)
2026-01-16T15:17:50.423+05:30 DEBUG 765 --- [analytics-dashboard-backend] [restartedMain] c.a.d.AnalyticsDashboardApplication      : Running with Spring Boot v3.2.0, Spring v6.1.1
2026-01-16T15:17:50.423+05:30  INFO 765 --- [analytics-dashboard-backend] [restartedMain] c.a.d.AnalyticsDashboardApplication      : The following 1 profile is active: "dev"
2026-01-16T15:17:50.445+05:30  INFO 765 --- [analytics-dashboard-backend] [restartedMain] .e.DevToolsPropertyDefaultsPostProcessor : Devtools property defaults active! Set 'spring.devtools.add-properties' to 'false' to disable
2026-01-16T15:17:50.445+05:30  INFO 765 --- [analytics-dashboard-backend] [restartedMain] .e.DevToolsPropertyDefaultsPostProcessor : For additional web related logging consider setting the 'logging.level.web' property to 'DEBUG'
2026-01-16T15:17:50.903+05:30  INFO 765 --- [analytics-dashboard-backend] [restartedMain] .s.d.r.c.RepositoryConfigurationDelegate : Bootstrapping Spring Data JPA repositories in DEFAULT mode.
2026-01-16T15:17:50.912+05:30  INFO 765 --- [analytics-dashboard-backend] [restartedMain] .s.d.r.c.RepositoryConfigurationDelegate : Finished Spring Data repository scanning in 6 ms. Found 0 JPA repository interfaces.
2026-01-16T15:17:51.305+05:30  INFO 765 --- [analytics-dashboard-backend] [restartedMain] o.s.b.w.embedded.tomcat.TomcatWebServer  : Tomcat initialized with port 8080 (http)
2026-01-16T15:17:51.310+05:30  INFO 765 --- [analytics-dashboard-backend] [restartedMain] o.apache.catalina.core.StandardService   : Starting service [Tomcat]
2026-01-16T15:17:51.311+05:30  INFO 765 --- [analytics-dashboard-backend] [restartedMain] o.apache.catalina.core.StandardEngine    : Starting Servlet engine: [Apache Tomcat/10.1.16]
2026-01-16T15:17:51.330+05:30  INFO 765 --- [analytics-dashboard-backend] [restartedMain] o.a.c.c.C.[Tomcat].[localhost].[/]       : Initializing Spring embedded WebApplicationContext
2026-01-16T15:17:51.330+05:30  INFO 765 --- [analytics-dashboard-backend] [restartedMain] w.s.c.ServletWebServerApplicationContext : Root WebApplicationContext: initialization completed in 885 ms
2026-01-16T15:17:51.402+05:30  INFO 765 --- [analytics-dashboard-backend] [restartedMain] com.zaxxer.hikari.HikariDataSource       : HikariPool-1 - Starting...
2026-01-16T15:17:51.494+05:30  INFO 765 --- [analytics-dashboard-backend] [restartedMain] com.zaxxer.hikari.pool.HikariPool        : HikariPool-1 - Added connection conn0: url=jdbc:h2:mem:analyticsdb user=SA
2026-01-16T15:17:51.495+05:30  INFO 765 --- [analytics-dashboard-backend] [restartedMain] com.zaxxer.hikari.HikariDataSource       : HikariPool-1 - Start completed.
2026-01-16T15:17:51.500+05:30  INFO 765 --- [analytics-dashboard-backend] [restartedMain] o.s.b.a.h2.H2ConsoleAutoConfiguration    : H2 console available at '/h2-console'. Database available at 'jdbc:h2:mem:analyticsdb'
2026-01-16T15:17:51.602+05:30  INFO 765 --- [analytics-dashboard-backend] [restartedMain] o.hibernate.jpa.internal.util.LogHelper  : HHH000204: Processing PersistenceUnitInfo [name: default]
2026-01-16T15:17:51.637+05:30  INFO 765 --- [analytics-dashboard-backend] [restartedMain] org.hibernate.Version                    : HHH000412: Hibernate ORM core version 6.3.1.Final
2026-01-16T15:17:51.652+05:30  INFO 765 --- [analytics-dashboard-backend] [restartedMain] o.h.c.internal.RegionFactoryInitiator    : HHH000026: Second-level cache disabled
2026-01-16T15:17:51.749+05:30  INFO 765 --- [analytics-dashboard-backend] [restartedMain] o.s.o.j.p.SpringPersistenceUnitInfo      : No LoadTimeWeaver setup: ignoring JPA class transformer
2026-01-16T15:17:52.135+05:30  INFO 765 --- [analytics-dashboard-backend] [restartedMain] o.h.e.t.j.p.i.JtaPlatformInitiator       : HHH000489: No JTA platform available (set 'hibernate.transaction.jta.platform' to enable JTA platform integration)
2026-01-16T15:17:52.210+05:30  INFO 765 --- [analytics-dashboard-backend] [restartedMain] j.LocalContainerEntityManagerFactoryBean : Initialized JPA EntityManagerFactory for persistence unit 'default'
2026-01-16T15:17:52.334+05:30  WARN 765 --- [analytics-dashboard-backend] [restartedMain] JpaBaseConfiguration$JpaWebConfiguration : spring.jpa.open-in-view is enabled by default. Therefore, database queries may be performed during view rendering. Explicitly configure spring.jpa.open-in-view to disable this warning
2026-01-16T15:17:52.701+05:30  INFO 765 --- [analytics-dashboard-backend] [restartedMain] o.s.b.d.a.OptionalLiveReloadServer       : LiveReload server is running on port 35729
2026-01-16T15:17:52.709+05:30  INFO 765 --- [analytics-dashboard-backend] [restartedMain] o.s.b.a.e.web.EndpointLinksResolver      : Exposing 3 endpoint(s) beneath base path '/actuator'
2026-01-16T15:17:52.752+05:30  INFO 765 --- [analytics-dashboard-backend] [restartedMain] o.s.b.w.embedded.tomcat.TomcatWebServer  : Tomcat started on port 8080 (http) with context path ''
2026-01-16T15:17:52.764+05:30  INFO 765 --- [analytics-dashboard-backend] [restartedMain] c.a.d.AnalyticsDashboardApplication      : Started AnalyticsDashboardApplication in 2.555 seconds (process running for 2.784)
2026-01-16T15:18:15.901+05:30  INFO 765 --- [analytics-dashboard-backend] [http-nio-8080-exec-1] o.a.c.c.C.[Tomcat].[localhost].[/]       : Initializing Spring DispatcherServlet 'dispatcherServlet'
2026-01-16T15:18:15.902+05:30  INFO 765 --- [analytics-dashboard-backend] [http-nio-8080-exec-1] o.s.web.servlet.DispatcherServlet        : Initializing Servlet 'dispatcherServlet'
2026-01-16T15:18:15.905+05:30  INFO 765 --- [analytics-dashboard-backend] [http-nio-8080-exec-1] o.s.web.servlet.DispatcherServlet        : Completed initialization in 3 ms
2026-01-16T15:19:32.081+05:30  INFO 765 --- [analytics-dashboard-backend] [File Watcher] rtingClassPathChangeChangedEventListener : Restarting due to 12 class path changes (1 addition, 2 deletions, 9 modifications)
2026-01-16T15:19:32.127+05:30  INFO 765 --- [analytics-dashboard-backend] [Thread-5] j.LocalContainerEntityManagerFactoryBean : Closing JPA EntityManagerFactory for persistence unit 'default'
2026-01-16T15:19:32.183+05:30  WARN 765 --- [analytics-dashboard-backend] [Thread-5] o.s.b.f.support.DisposableBeanAdapter    : Invocation of destroy method failed on bean with name 'inMemoryDatabaseShutdownExecutor': org.h2.jdbc.JdbcSQLNonTransientConnectionException: Database is already closed (to disable automatic closing at VM shutdown, add ";DB_CLOSE_ON_EXIT=FALSE" to the db URL) [90121-224]
2026-01-16T15:19:32.184+05:30  INFO 765 --- [analytics-dashboard-backend] [Thread-5] com.zaxxer.hikari.HikariDataSource       : HikariPool-1 - Shutdown initiated...
2026-01-16T15:19:32.190+05:30  INFO 765 --- [analytics-dashboard-backend] [Thread-5] com.zaxxer.hikari.HikariDataSource       : HikariPool-1 - Shutdown completed.
